<?xml version="1.0" encoding="UTF-8"?>
<!-- Generated by org.testng.reporters.JUnitReportReporter -->
<testsuite hostname="DESKTOP-3RHQS1L" failures="0" tests="2" name="TestNG.TesNT1" time="0.009" errors="0" timestamp="2023-12-02T11:03:40 IST" skipped="0">
  <testcase classname="TestNG.TesNT1" name="testingForRegression1" time="0.008"/>
  <testcase classname="TestNG.TesNT1" name="deleteProduct" time="0.001"/>
</testsuite> <!-- TestNG.TesNT1 -->
