<?xml version="1.0" encoding="UTF-8"?>
<!-- Generated by org.testng.reporters.JUnitReportReporter -->
<testsuite hostname="DESKTOP-3RHQS1L" failures="0" tests="1" name="TestNG.TestCreateProductAndDeleteProduct" time="17.996" errors="0" timestamp="2023-11-29T12:06:15 IST" skipped="0">
  <testcase classname="TestNG.TestCreateProductAndDeleteProduct" name="TestCreateProdAndDelProd" time="17.996"/>
</testsuite> <!-- TestNG.TestCreateProductAndDeleteProduct -->
