<?xml version="1.0" encoding="UTF-8"?>
<!-- Generated by org.testng.reporters.JUnitReportReporter -->
<testsuite hostname="DESKTOP-3RHQS1L" failures="0" tests="1" name="TestNG.TestCreateCampaignWithProduct" time="28.654" errors="0" timestamp="2023-11-29T12:05:26 IST" skipped="0">
  <testcase classname="TestNG.TestCreateCampaignWithProduct" name="TestCreateCampWithProd" time="28.654"/>
</testsuite> <!-- TestNG.TestCreateCampaignWithProduct -->
