<?xml version="1.0" encoding="UTF-8"?>
<!-- Generated by org.testng.reporters.JUnitReportReporter -->
<testsuite hostname="DESKTOP-3RHQS1L" failures="0" tests="1" name="TestNG.TestCreateProductAndDeleteAllProduct" time="30.516" errors="0" timestamp="2023-11-29T11:59:43 IST" skipped="0">
  <testcase classname="TestNG.TestCreateProductAndDeleteAllProduct" name="TestCreateProdAndDelAllProd" time="30.516"/>
</testsuite> <!-- TestNG.TestCreateProductAndDeleteAllProduct -->
