<?xml version="1.0" encoding="UTF-8"?>
<!-- Generated by org.testng.reporters.JUnitReportReporter -->
<testsuite hostname="DESKTOP-3RHQS1L" failures="0" tests="3" name="DataProviderConcept.DataProviderOrganization" time="55.104" errors="0" timestamp="2023-11-30T12:39:15 IST" skipped="0">
  <testcase classname="DataProviderConcept.DataProviderOrganization" name="m1" time="16.378"/>
  <testcase classname="DataProviderConcept.DataProviderOrganization" name="m1" time="21.410"/>
  <testcase classname="DataProviderConcept.DataProviderOrganization" name="m1" time="17.316"/>
</testsuite> <!-- DataProviderConcept.DataProviderOrganization -->
