<?xml version="1.0" encoding="UTF-8"?>
<!-- Generated by org.testng.reporters.JUnitReportReporter -->
<testsuite hostname="DESKTOP-3RHQS1L" failures="0" tests="3" name="AddtionalConcepts.DataProviderFromExcel" time="0.012" errors="0" timestamp="2023-11-29T19:39:18 IST" skipped="0">
  <testcase classname="AddtionalConcepts.DataProviderFromExcel" name="firstAndLastName" time="0.010"/>
  <testcase classname="AddtionalConcepts.DataProviderFromExcel" name="firstAndLastName" time="0.001"/>
  <testcase classname="AddtionalConcepts.DataProviderFromExcel" name="firstAndLastName" time="0.001"/>
</testsuite> <!-- AddtionalConcepts.DataProviderFromExcel -->
