<?xml version="1.0" encoding="UTF-8"?>
<!-- Generated by org.testng.reporters.JUnitReportReporter -->
<testsuite hostname="DESKTOP-3RHQS1L" failures="0" tests="2" name="AddtionalConcepts.DataProviderEx1" time="0.011" errors="0" timestamp="2023-11-29T19:37:23 IST" skipped="0">
  <testcase classname="AddtionalConcepts.DataProviderEx1" name="bookTickets" time="0.001"/>
  <testcase classname="AddtionalConcepts.DataProviderEx1" name="bookTickets" time="0.010"/>
</testsuite> <!-- AddtionalConcepts.DataProviderEx1 -->
