<?xml version="1.0" encoding="UTF-8"?>
<!-- Generated by org.testng.reporters.JUnitReportReporter -->
<testsuite hostname="DESKTOP-3RHQS1L" failures="0" tests="1" name="ptc.GridSample1" time="3.118" errors="0" timestamp="2023-12-05T22:03:40 IST" skipped="0">
  <testcase classname="ptc.GridSample1" name="m1Test" time="3.118"/>
</testsuite> <!-- ptc.GridSample1 -->
