<?xml version="1.0" encoding="UTF-8"?>
<!-- Generated by org.testng.reporters.JUnitReportReporter -->
<testsuite hostname="DESKTOP-3RHQS1L" failures="0" tests="1" name="TestNG.TestCreateProduct" time="11.467" errors="0" timestamp="2023-12-05T12:28:13 IST" skipped="0">
  <testcase classname="TestNG.TestCreateProduct" name="TestCreateProd" time="11.467"/>
</testsuite> <!-- TestNG.TestCreateProduct -->
