<?xml version="1.0" encoding="UTF-8"?>
<!-- Generated by org.testng.reporters.JUnitReportReporter -->
<testsuite hostname="DESKTOP-3RHQS1L" failures="0" tests="1" name="practice.TestNGPractice" time="0.008" errors="0" timestamp="2023-11-27T12:51:03 IST" skipped="0">
  <testcase classname="practice.TestNGPractice" name="createProduct" time="0.008"/>
  <system-out/>
</testsuite> <!-- practice.TestNGPractice -->
